<?xml version="1.0" encoding="UTF-8"?>
<!-- Generated by org.testng.reporters.JUnitXMLReporter -->
<testsuite hostname="DESKTOP-UOMKS8R" ignored="25" name="Default test" tests="1" failures="1" timestamp="14 mar 2019 16:11:16 GMT" time="44.088" errors="0">
  <testcase name="TS054_Cliente_logueado_compra_un_accesorio_e_ingresa_un_mail_cargado_en_Siebel" time="0.331" classname="Tests.EComerce">
    <failure type="org.openqa.selenium.NoSuchElementException" message="no such element: Unable to locate element: {&amp;quot;method&amp;quot;:&amp;quot;id&amp;quot;,&amp;quot;selector&amp;quot;:&amp;quot;tpi-user-login-btn&amp;quot;}
  (Session info: chrome=72.0.3626.121)
  (Driver info: chromedriver=2.43.600210 (68dcf5eebde37173d4027fa8635e332711d2874a),platform=Windows NT 10.0.17134 x86_64) (WARNING: The server did not provide any stacktrace information)
Command duration or timeout: 141 milliseconds
For documentation on this error, please visit: http://seleniumhq.org/exceptions/no_such_element.html
Build info: version: &amp;apos;unknown&amp;apos;, revision: &amp;apos;unknown&amp;apos;, time: &amp;apos;unknown&amp;apos;
System info: host: &amp;apos;DESKTOP-UOMKS8R&amp;apos;, ip: &amp;apos;192.168.0.24&amp;apos;, os.name: &amp;apos;Windows 10&amp;apos;, os.arch: &amp;apos;x86&amp;apos;, os.version: &amp;apos;10.0&amp;apos;, java.version: &amp;apos;1.8.0_131&amp;apos;
Driver info: org.openqa.selenium.chrome.ChromeDriver
Capabilities [{mobileEmulationEnabled=false, hasTouchScreen=false, platform=XP, acceptSslCerts=false, goog:chromeOptions={debuggerAddress=localhost:65250}, acceptInsecureCerts=false, webStorageEnabled=true, browserName=chrome, takesScreenshot=true, javascriptEnabled=true, setWindowRect=true, unexpectedAlertBehaviour=, applicationCacheEnabled=false, rotatable=false, networkConnectionEnabled=false, chrome={chromedriverVersion=2.43.600210 (68dcf5eebde37173d4027fa8635e332711d2874a), userDataDir=C:\Users\SOFIAC~1\AppData\Local\Temp\scoped_dir928_26784}, takesHeapSnapshot=true, pageLoadStrategy=normal, databaseEnabled=false, handlesAlerts=true, version=72.0.3626.121, browserConnectionEnabled=false, nativeEvents=true, locationContextEnabled=true, cssSelectorsEnabled=true}]
Session ID: 34cb15b18f54a9c9d9d7471edbe11b59
*** Element info: {Using=id, value=tpi-user-login-btn}">
      <![CDATA[org.openqa.selenium.NoSuchElementException: no such element: Unable to locate element: {"method":"id","selector":"tpi-user-login-btn"}
  (Session info: chrome=72.0.3626.121)
  (Driver info: chromedriver=2.43.600210 (68dcf5eebde37173d4027fa8635e332711d2874a),platform=Windows NT 10.0.17134 x86_64) (WARNING: The server did not provide any stacktrace information)
Command duration or timeout: 141 milliseconds
For documentation on this error, please visit: http://seleniumhq.org/exceptions/no_such_element.html
Build info: version: 'unknown', revision: 'unknown', time: 'unknown'
System info: host: 'DESKTOP-UOMKS8R', ip: '192.168.0.24', os.name: 'Windows 10', os.arch: 'x86', os.version: '10.0', java.version: '1.8.0_131'
Driver info: org.openqa.selenium.chrome.ChromeDriver
Capabilities [{mobileEmulationEnabled=false, hasTouchScreen=false, platform=XP, acceptSslCerts=false, goog:chromeOptions={debuggerAddress=localhost:65250}, acceptInsecureCerts=false, webStorageEnabled=true, browserName=chrome, takesScreenshot=true, javascriptEnabled=true, setWindowRect=true, unexpectedAlertBehaviour=, applicationCacheEnabled=false, rotatable=false, networkConnectionEnabled=false, chrome={chromedriverVersion=2.43.600210 (68dcf5eebde37173d4027fa8635e332711d2874a), userDataDir=C:\Users\SOFIAC~1\AppData\Local\Temp\scoped_dir928_26784}, takesHeapSnapshot=true, pageLoadStrategy=normal, databaseEnabled=false, handlesAlerts=true, version=72.0.3626.121, browserConnectionEnabled=false, nativeEvents=true, locationContextEnabled=true, cssSelectorsEnabled=true}]
Session ID: 34cb15b18f54a9c9d9d7471edbe11b59
*** Element info: {Using=id, value=tpi-user-login-btn}
	at sun.reflect.NativeConstructorAccessorImpl.newInstance0(Native Method)
	at sun.reflect.NativeConstructorAccessorImpl.newInstance(Unknown Source)
	at sun.reflect.DelegatingConstructorAccessorImpl.newInstance(Unknown Source)
	at java.lang.reflect.Constructor.newInstance(Unknown Source)
	at org.openqa.selenium.remote.ErrorHandler.createThrowable(ErrorHandler.java:215)
	at org.openqa.selenium.remote.ErrorHandler.throwIfResponseFailed(ErrorHandler.java:167)
	at org.openqa.selenium.remote.RemoteWebDriver.execute(RemoteWebDriver.java:671)
	at org.openqa.selenium.remote.RemoteWebDriver.findElement(RemoteWebDriver.java:410)
	at org.openqa.selenium.remote.RemoteWebDriver.findElementById(RemoteWebDriver.java:453)
	at org.openqa.selenium.By$ById.findElement(By.java:218)
	at org.openqa.selenium.remote.RemoteWebDriver.findElement(RemoteWebDriver.java:402)
	at PageMetodos.Metodos.loginEComerce(Metodos.java:463)
	at Tests.EComerce.TS054_Cliente_logueado_compra_un_accesorio_e_ingresa_un_mail_cargado_en_Siebel(EComerce.java:565)
	at sun.reflect.NativeMethodAccessorImpl.invoke0(Native Method)
	at sun.reflect.NativeMethodAccessorImpl.invoke(Unknown Source)
	at sun.reflect.DelegatingMethodAccessorImpl.invoke(Unknown Source)
	at java.lang.reflect.Method.invoke(Unknown Source)
	at org.testng.internal.MethodInvocationHelper.invokeMethod(MethodInvocationHelper.java:108)
	at org.testng.internal.Invoker.invokeMethod(Invoker.java:661)
	at org.testng.internal.Invoker.invokeTestMethod(Invoker.java:869)
	at org.testng.internal.Invoker.invokeTestMethods(Invoker.java:1193)
	at org.testng.internal.TestMethodWorker.invokeTestMethods(TestMethodWorker.java:126)
	at org.testng.internal.TestMethodWorker.run(TestMethodWorker.java:109)
	at org.testng.TestRunner.privateRun(TestRunner.java:744)
	at org.testng.TestRunner.run(TestRunner.java:602)
	at org.testng.SuiteRunner.runTest(SuiteRunner.java:380)
	at org.testng.SuiteRunner.runSequentially(SuiteRunner.java:375)
	at org.testng.SuiteRunner.privateRun(SuiteRunner.java:340)
	at org.testng.SuiteRunner.run(SuiteRunner.java:289)
	at org.testng.SuiteRunnerWorker.runSuite(SuiteRunnerWorker.java:52)
	at org.testng.SuiteRunnerWorker.run(SuiteRunnerWorker.java:86)
	at org.testng.TestNG.runSuitesSequentially(TestNG.java:1301)
	at org.testng.TestNG.runSuitesLocally(TestNG.java:1226)
	at org.testng.TestNG.runSuites(TestNG.java:1144)
	at org.testng.TestNG.run(TestNG.java:1115)
	at org.testng.remote.AbstractRemoteTestNG.run(AbstractRemoteTestNG.java:132)
	at org.testng.remote.RemoteTestNG.initAndRun(RemoteTestNG.java:230)
	at org.testng.remote.RemoteTestNG.main(RemoteTestNG.java:76)
]]>
    </failure>
  </testcase> <!-- TS054_Cliente_logueado_compra_un_accesorio_e_ingresa_un_mail_cargado_en_Siebel -->
  <testcase name="C72_Compra_Accesorio_Mail_no_registrado" time="0.0" classname="Tests.EComerce">
    <ignored/>
  </testcase> <!-- C72_Compra_Accesorio_Mail_no_registrado -->
  <testcase name="C56_opciones_de_Cuotas" time="0.0" classname="Tests.EComerce">
    <ignored/>
  </testcase> <!-- C56_opciones_de_Cuotas -->
  <testcase name="C27_Visualizacion_de_catalogo_de_equipos_disponibles" time="0.0" classname="Tests.EComerce">
    <ignored/>
  </testcase> <!-- C27_Visualizacion_de_catalogo_de_equipos_disponibles -->
  <testcase name="C55_opciones_de_financiacion" time="0.0" classname="Tests.EComerce">
    <ignored/>
  </testcase> <!-- C55_opciones_de_financiacion -->
  <testcase name="C28_Visualizacion_de_productos_en_cliente_No_logueado" time="0.0" classname="Tests.EComerce">
    <ignored/>
  </testcase> <!-- C28_Visualizacion_de_productos_en_cliente_No_logueado -->
  <testcase name="TS053_Cliente_no_logueado_compra_un_accesorio_e_ingresa_un_mail_no_registrado_y_debe_completar_todos_los_datos_en_checkout" time="0.0" classname="Tests.EComerce">
    <ignored/>
  </testcase> <!-- TS053_Cliente_no_logueado_compra_un_accesorio_e_ingresa_un_mail_no_registrado_y_debe_completar_todos_los_datos_en_checkout -->
  <testcase name="C01_Busqueda_de_resultado" time="0.0" classname="Tests.EComerce">
    <ignored/>
  </testcase> <!-- C01_Busqueda_de_resultado -->
  <testcase name="C68_Compra_equipo_linea_nueva_Mail_registrado" time="0.0" classname="Tests.EComerce">
    <ignored/>
  </testcase> <!-- C68_Compra_equipo_linea_nueva_Mail_registrado -->
  <testcase name="C29_Cliente_no_logueado_ingresa_a_Autogestion" time="0.0" classname="Tests.EComerce">
    <ignored/>
  </testcase> <!-- C29_Cliente_no_logueado_ingresa_a_Autogestion -->
  <testcase name="C54_plazos_y_opciones_de_entrega" time="0.0" classname="Tests.EComerce">
    <ignored/>
  </testcase> <!-- C54_plazos_y_opciones_de_entrega -->
  <testcase name="C52_Cliente_no_logueado_elige_linea_Nueva" time="0.0" classname="Tests.EComerce">
    <ignored/>
  </testcase> <!-- C52_Cliente_no_logueado_elige_linea_Nueva -->
  <testcase name="C13_Filtro_Tipo_de_Pantalla" time="0.0" classname="Tests.EComerce">
    <ignored/>
  </testcase> <!-- C13_Filtro_Tipo_de_Pantalla -->
  <testcase name="C30_Cliente_no_logueado_ingresa_a_Ayuda_Lineas" time="0.0" classname="Tests.EComerce">
    <ignored/>
  </testcase> <!-- C30_Cliente_no_logueado_ingresa_a_Ayuda_Lineas -->
  <testcase name="C11_Filtro_Tipo_de_Camara" time="0.0" classname="Tests.EComerce">
    <ignored/>
  </testcase> <!-- C11_Filtro_Tipo_de_Camara -->
  <testcase name="C09_Filtro_Marcas" time="0.0" classname="Tests.EComerce">
    <ignored/>
  </testcase> <!-- C09_Filtro_Marcas -->
  <testcase name="C17_Limite_de_comparador_de_Equipos" time="0.0" classname="Tests.EComerce">
    <ignored/>
  </testcase> <!-- C17_Limite_de_comparador_de_Equipos -->
  <testcase name="C25_Ordenamiento_Precio_Menor" time="0.0" classname="Tests.EComerce">
    <ignored/>
  </testcase> <!-- C25_Ordenamiento_Precio_Menor -->
  <testcase name="C33_Cliente_no_logueado_ingresa_a_Temas_de_Ayuda" time="0.0" classname="Tests.EComerce">
    <ignored/>
  </testcase> <!-- C33_Cliente_no_logueado_ingresa_a_Temas_de_Ayuda -->
  <testcase name="C02_Busqueda_de_resultados_relacionados" time="0.0" classname="Tests.EComerce">
    <ignored/>
  </testcase> <!-- C02_Busqueda_de_resultados_relacionados -->
  <testcase name="C32_Cliente_no_logueado_ingresa_a_Soporte_Tecnico" time="0.0" classname="Tests.EComerce">
    <ignored/>
  </testcase> <!-- C32_Cliente_no_logueado_ingresa_a_Soporte_Tecnico -->
  <testcase name="C31_Cliente_no_logueado_ingresa_a_Planes" time="0.0" classname="Tests.EComerce">
    <ignored/>
  </testcase> <!-- C31_Cliente_no_logueado_ingresa_a_Planes -->
  <testcase name="C23_Ordenamiento_Precio_Mayor" time="0.0" classname="Tests.EComerce">
    <ignored/>
  </testcase> <!-- C23_Ordenamiento_Precio_Mayor -->
  <testcase name="C57_Compra_Accesorio_Carro_de_compra" time="0.0" classname="Tests.EComerce">
    <ignored/>
  </testcase> <!-- C57_Compra_Accesorio_Carro_de_compra -->
  <testcase name="TS049_Cliente_no_logueado_compra_equipo_con_nueva_linea_e_ingresa_un_mail_registrado" time="0.0" classname="Tests.EComerce">
    <ignored/>
  </testcase> <!-- TS049_Cliente_no_logueado_compra_equipo_con_nueva_linea_e_ingresa_un_mail_registrado -->
  <testcase name="C70_Compra_equipo_linea_nueva_Mail_no_registrado" time="0.0" classname="Tests.EComerce">
    <ignored/>
  </testcase> <!-- C70_Compra_equipo_linea_nueva_Mail_no_registrado -->
</testsuite> <!-- Default test -->
